After all insertions.
Internal: 1 7 13 
Internal: 1 3 5 
Internal: 7 9 11 
Internal: 13 15 17 
Leaf: 1 2 
Leaf: 3 4 
Leaf: 5 6 
Leaf: 7 8 
Leaf: 9 10 
Leaf: 11 12 
Leaf: 13 14 
Leaf: 15 16 
Leaf: 17 18 
Deleting 1. 
Internal: 2 7 13 
Internal: 2 3 5 
Internal: 7 9 11 
Internal: 13 15 17 
Leaf: 2 
Leaf: 3 4 
Leaf: 5 6 
Leaf: 7 8 
Leaf: 9 10 
Leaf: 11 12 
Leaf: 13 14 
Leaf: 15 16 
Leaf: 17 18 
Deleting 2. 
Internal: 3 7 13 
Internal: 3 4 5 
Internal: 7 9 11 
Internal: 13 15 17 
Leaf: 3 
Leaf: 4 
Leaf: 5 6 
Leaf: 7 8 
Leaf: 9 10 
Leaf: 11 12 
Leaf: 13 14 
Leaf: 15 16 
Leaf: 17 18 
Deleting 3. 
Internal: 4 7 13 
Internal: 4 5 
Internal: 7 9 11 
Internal: 13 15 17 
Leaf: 4 
Leaf: 5 6 
Leaf: 7 8 
Leaf: 9 10 
Leaf: 11 12 
Leaf: 13 14 
Leaf: 15 16 
Leaf: 17 18 
Deleting 4. 
Internal: 5 7 13 
Internal: 5 6 
Internal: 7 9 11 
Internal: 13 15 17 
Leaf: 5 
Leaf: 6 
Leaf: 7 8 
Leaf: 9 10 
Leaf: 11 12 
Leaf: 13 14 
Leaf: 15 16 
Leaf: 17 18 
Deleting 5. 
Internal: 6 9 13 
Internal: 6 7 
Internal: 9 11 
Internal: 13 15 17 
Leaf: 6 
Leaf: 7 8 
Leaf: 9 10 
Leaf: 11 12 
Leaf: 13 14 
Leaf: 15 16 
Leaf: 17 18 
Deleting 6. 
Internal: 7 9 13 
Internal: 7 8 
Internal: 9 11 
Internal: 13 15 17 
Leaf: 7 
Leaf: 8 
Leaf: 9 10 
Leaf: 11 12 
Leaf: 13 14 
Leaf: 15 16 
Leaf: 17 18 
Deleting 7. 
Internal: 8 13 
Internal: 8 9 11 
Internal: 13 15 17 
Leaf: 8 
Leaf: 9 10 
Leaf: 11 12 
Leaf: 13 14 
Leaf: 15 16 
Leaf: 17 18 
Deleting 8. 
Internal: 9 13 
Internal: 9 10 11 
Internal: 13 15 17 
Leaf: 9 
Leaf: 10 
Leaf: 11 12 
Leaf: 13 14 
Leaf: 15 16 
Leaf: 17 18 
Deleting 9. 
Internal: 10 13 
Internal: 10 11 
Internal: 13 15 17 
Leaf: 10 
Leaf: 11 12 
Leaf: 13 14 
Leaf: 15 16 
Leaf: 17 18 
Deleting 10. 
Internal: 11 13 
Internal: 11 12 
Internal: 13 15 17 
Leaf: 11 
Leaf: 12 
Leaf: 13 14 
Leaf: 15 16 
Leaf: 17 18 
Deleting 11. 
Internal: 12 15 
Internal: 12 13 
Internal: 15 17 
Leaf: 12 
Leaf: 13 14 
Leaf: 15 16 
Leaf: 17 18 
Deleting 12. 
Internal: 13 15 
Internal: 13 14 
Internal: 15 17 
Leaf: 13 
Leaf: 14 
Leaf: 15 16 
Leaf: 17 18 
Deleting 13. 
Internal: 14 15 17 
Leaf: 14 
Leaf: 15 16 
Leaf: 17 18 
Deleting 14. 
Internal: 15 16 17 
Leaf: 15 
Leaf: 16 
Leaf: 17 18 
Deleting 15. 
Internal: 16 17 
Leaf: 16 
Leaf: 17 18 
Deleting 16. 
Internal: 17 18 
Leaf: 17 
Leaf: 18 
Deleting 17. 
Leaf: 18 
Deleting 18. 
Leaf: 
