错误:  表 "q3b" 不存在
语句:  Drop Table Q3B; Drop Table TMP; Drop Table Q3C; Drop Table Q5B;Drop Table Q3DCO2;
日志:  无法从客户端获得数据: Connection reset by peer
日志:  在客户端连接上的已打开事务中出现意外 EOF
日志:  无法发送数据给客户端: 断开的管道
致命错误:  丢失了到客户端的连接
错误:  关系 "tmp" 已经存在
语句:  SELECT YYYYMM, TRANSPORTATION INTO TMP FROM T2 WHERE MSN LIKE 'TEACEUS'
日志:  无法从客户端获得数据: Connection reset by peer
日志:  在客户端连接上的已打开事务中出现意外 EOF
错误:  表 "t1" 不存在
语句:  Drop Table T1; Drop Table T2; Drop Table T3; Drop Table DAY; Drop Table VEH; 
错误:  关系 "veh" 不存在 第 43 个字符处
语句:   SELECT * INTO Q3B FROM( DAY NATURAL JOIN VEH)TOT WHERE VEHID>=1 AND TRPMILES>0 AND DRVR_FLG=1  
错误:  关系 "day" 已经存在
语句:  CREATE TABLE DAY(HOUSEID INT,PERSONID INT,DRVR_FLG INT,VEHID INT,TDAYDATE VARCHAR(15),TRPMILES FLOAT(50));
日志:  无法从客户端获得数据: Connection reset by peer
日志:  在客户端连接上的已打开事务中出现意外 EOF
日志:  无法发送数据给客户端: 断开的管道
致命错误:  丢失了到客户端的连接
日志:  数据库系统中断；上一次的启动时间是在2016-03-12 03:21:44 PST
致命错误:  数据库系统启动中
致命错误:  数据库系统启动中
致命错误:  数据库系统启动中
致命错误:  数据库系统启动中
致命错误:  数据库系统启动中
致命错误:  数据库系统启动中
致命错误:  数据库系统启动中
致命错误:  数据库系统启动中
共享内存.
提示:  一会儿你将可以重联接数据库并且重复你的命令.
致命错误:  数据库系统启动中
致命错误:  数据库系统启动中
日志:  数据库系统没有正确的关闭; 处于自动恢复状态中
日志:  redo 在 0/D5C86BB8 开始
日志:  record with zero length at 0/D5C8F3B0
日志:  redo 在 0/D5C8F348 完成
日志:  上一次完成事务是在日志时间2016-03-12 03:21:42.003134-08完成的.
日志:  MultiXact member wraparound protections are now enabled
日志:  数据库系统准备接受连接
日志:  已启动autovacuum
日志:  数据库系统中断；上一次的启动时间是在2016-03-12 03:22:56 PST
致命错误:  数据库系统启动中
致命错误:  数据库系统启动中
致命错误:  数据库系统启动中
致命错误:  数据库系统启动中
致命错误:  数据库系统启动中
致命错误:  数据库系统启动中
致命错误:  数据库系统启动中
致命错误:  数据库系统启动中
致命错误:  数据库系统启动中
致命错误:  数据库系统启动中
致命错误:  数据库系统启动中
致命错误:  数据库系统启动中
致命错误:  数据库系统启动中
致命错误:  数据库系统启动中
致命错误:  数据库系统启动中
致命错误:  数据库系统启动中
致命错误:  数据库系统启动中
致命错误:  数据库系统启动中
致命错误:  数据库系统启动中
日志:  接收到 SIGHUP, 重载配置文件
日志:  接收到 SIGHUP, 重载配置文件
日志:  接收到 SIGHUP, 重载配置文件
日志:  lock file "postmaster.pid" contains wrong PID: 20122 instead of 19169
日志:  performing immediate shutdown because data directory lock file is invalid
日志:  接收到立即 (immediate) 停止请求
警告:  中断联接, 因为其它服务器进程崩溃
详细信息:  Postmaster 命令此服务器进程回滚当前事物并退出, 因为其它服务器进程不正常的退出可能毁坏了共享内存.
提示:  一会儿你将可以重联接数据库并且重复你的命令.
日志:  数据库系统没有正确的关闭; 处于自动恢复状态中
日志:  record with zero length at 0/D5C8F418
日志:  不需要 redo
日志:  MultiXact member wraparound protections are now enabled
日志:  数据库系统准备接受连接
日志:  已启动autovacuum
中
致命错误:  数据库系统启动中
致命错误:  数据库系统启动中
日志:  数据库系统没有正确的关闭; 处于自动恢复状态中
日志:  record with zero length at 0/D5C8F480
日志:  不需要 redo
日志:  MultiXact member wraparound protections are now enabled
日志:  数据库系统准备接受连接
日志:  已启动autovacuum
错误:  表 "day" 不存在
语句:  Drop Table DAY
	;
错误:  表 "veh" 不存在
语句:  Drop Table VEH;
错误:  表 "q2b" 不存在
语句:  Drop Table Q2B;
错误:  表 "t1" 不存在
语句:  Drop Table T1;
:  中断联接, 因为其它服务器进程崩溃
详细信息:  Postmaster 命令此服务器进程回滚当前事物并退出, 因为其它服务器进程不正常的退出可能毁坏了共享内存.
提示:  一会儿你将可以重联接数据库并且重复你的命令.
日志:  无法打开文件 "postmaster.pid": 没有那个文件或目录
日志:  performing immediate shutdown because data directory lock file is invalid
日志:  接收到立即 (immediate) 停止请求
警告:  中断联接, 因为其它服务器进程崩溃
详细信息:  Postmaster 命令此服务器进程回滚当前事物并退出, 因为其它服务器进程不正常的退出可能毁坏了共享内存.
提示:  一会儿你将可以重联接数据库并且重复你的命令.
警告:  中断联接, 因为其它服务器进程崩溃
详细信息:  Postmaster 命令此服务器进程回滚当前事物并退出, 因为其它服务器进程不正常的退出可能毁坏了共享内存.
提示:  一会儿你将可以重联接数据库并且重复你的命令.
警告:  中断联接, 因为其它服务器进程崩溃
详细信息:  Postmaster 命令此服务器进程回滚当前事物并退出, 因为其它服务器进程不正常的退出可能毁坏了共享内存.
提示:  一会儿你将可以重联接数据库并且重复你的命令.
日志:  数据库系统中断；上一次的启动时间是在2016-03-12 03:24:31 PST
致命错误:  数据库系统启动中
致命错误:  数据库系统启动中
致命错误:  数据库系统启动中
致命错误:  数据库系统启动中
致命错误:  数据库系统启动中
致命错误:  数据库系统启动中
致命错误:  数据库系统启动中
致命错误:  数据库系统启动中
致命错误:  数据库系统启动中
日志:  数据库系统没有正确的关闭; 处于自动恢复状态中
日志:  record with zero length at 0/D5C8F4E8
日志:  不需要 redo
日志:  MultiXact member wraparound protections are now enabled
日志:  数据库系统准备接受连接
日志:  已启动autovacuum
日志:  接到到智能 (smart) 停止请求
日志:  接收到 SIGHUP, 重载配置文件
日志:  正在关闭autovacuum启动进程
日志:  正在关闭
日志:  数据库系统已关闭
日志:  数据库上次关闭时间为 2016-03-12 03:42:01 PST
日志:  MultiXact member wraparound protections are now enabled
日志:  数据库系统准备接受连接
日志:  已启动autovacuum
错误:  字段 "yyyymm" 不存在 第 40 个字符处
语句:  UPDATE Q3B SET YYYYMM = '201403' WHERE YYYYMM = '200803';
日志:  检查点事件发生过于频繁(14 秒间隔)
提示:  认为增加配置参数 "checkpoint_segments".
日志:  检查点事件发生过于频繁(12 秒间隔)
提示:  认为增加配置参数 "checkpoint_segments".
日志:  检查点事件发生过于频繁(12 秒间隔)
提示:  认为增加配置参数 "checkpoint_segments".
日志:  检查点事件发生过于频繁(9 秒间隔)
提示:  认为增加配置参数 "checkpoint_segments".
日志:  检查点事件发生过于频繁(14 秒间隔)
提示:  认为增加配置参数 "checkpoint_segments".
错误:  语法错误 在 "GROUP" 或附近的 第 2058 个字符处
语句:  SELECT C1.TDAYDATE, C1.C, TEMP.TOLGALLON, C1.DAYS, (TOLGALLON*DAYS /C*117538000)AS TOTCO2 INTO Q5D FROM (SELECT * FROM(SELECT SUM(TOLGALLON1)AS TOLGALLON, TDAYDATE FROM(SELECT TDAYDATE, HOUSEID, (SUM(TRPMILES / EPATMPG)*0.008887) AS TOLGALLON1  FROM Q3B GROUP BY TDAYDATE, HOUSEID)AS TOT GROUP BY TDAYDATE)AS TEMP1)AS TEMP JOIN(SELECT * FROM (SELECT * FROM(SELECT TDAYDATE, COUNT(DISTINCT HOUSEID)AS C, 31 AS DAYS FROM Q3B WHERE TDAYDATE LIKE '201403' GROUP BY TDAYDATE)AS T803) TT803 UNION (SELECT * FROM(SELECT TDAYDATE, COUNT(DISTINCT HOUSEID)AS C, 30 AS DAYS FROM Q3B WHERE TDAYDATE LIKE '201404' GROUP BY TDAYDATE)AS T804) UNION (SELECT * FROM(SELECT TDAYDATE, COUNT(DISTINCT HOUSEID)AS C, 31 AS DAYS FROM Q3B WHERE TDAYDATE LIKE '201405' GROUP BY TDAYDATE)AS T805)UNION (SELECT * FROM(SELECT TDAYDATE, COUNT(DISTINCT HOUSEID)AS C, 30 AS DAYS FROM Q3B WHERE TDAYDATE LIKE '201406' GROUP BY TDAYDATE)AS T806)UNION (SELECT * FROM(SELECT TDAYDATE, COUNT(DISTINCT HOUSEID)AS C, 31 AS DAYS FROM Q3B WHERE TDAYDATE LIKE '201407' GROUP BY TDAYDATE)AS T807)UNION (SELECT * FROM(SELECT TDAYDATE, COUNT(DISTINCT HOUSEID)AS C, 31 AS DAYS FROM Q3B WHERE TDAYDATE LIKE '201408' GROUP BY TDAYDATE)AS T808)UNION (SELECT * FROM(SELECT TDAYDATE, COUNT(DISTINCT HOUSEID)AS C, 30 AS DAYS FROM Q3B WHERE TDAYDATE LIKE '201409' GROUP BY TDAYDATE)AS T809)UNION (SELECT * FROM(SELECT TDAYDATE, COUNT(DISTINCT HOUSEID)AS C, 31 AS DAYS FROM Q3B WHERE TDAYDATE LIKE '201410' GROUP BY TDAYDATE)AS T810)UNION (SELECT * FROM(SELECT TDAYDATE, COUNT(DISTINCT HOUSEID)AS C, 30 AS DAYS  FROM Q3B WHERE TDAYDATE LIKE '201411' GROUP BY TDAYDATE)AS T811)UNION (SELECT * FROM(SELECT TDAYDATE, COUNT(DISTINCT HOUSEID)AS C, 31 AS DAYS  FROM Q3B WHERE TDAYDATE LIKE '201412' GROUP BY TDAYDATE)AS T812)UNION (SELECT * FROM(SELECT TDAYDATE, COUNT(DISTINCT HOUSEID)AS C, 31 AS DAYS FROM Q3B WHERE TDAYDATE LIKE '201401' GROUP BY TDAYDATE)AS T901)UNION (SELECT * FROM(SELECT TDAYDATE, COUNT(DISTINCT HOUSEID)AS C, 28 AS DAYS  FROM Q3B WHERE TDAYDATE LIKE '201402' GROUP BY TDAYDATE)AS T902)UNION GROUP BY TDAYDATE)AS T904))C1 ON C1.TDAYDATE = TEMP.TDAYDATE ORDER BY C1.TDAYDATE 
错误:  语法错误 在 "GROUP" 或附近的 第 2053 个字符处
语句:  SELECT C1.TDAYDATE, C1.C, TEMP.TOLGALLON, C1.DAYS, (TOLGALLON*DAYS /C*117538000)AS TOTCO2 INTO Q5D FROM (SELECT * FROM(SELECT SUM(TOLGALLON1)AS TOLGALLON, TDAYDATE FROM(SELECT TDAYDATE, HOUSEID, (SUM(TRPMILES / EPATMPG)*0.008887) AS TOLGALLON1  FROM Q3B GROUP BY TDAYDATE, HOUSEID)AS TOT GROUP BY TDAYDATE)AS TEMP1)AS TEMP JOIN(SELECT * FROM (SELECT * FROM(SELECT TDAYDATE, COUNT(DISTINCT HOUSEID)AS C, 31 AS DAYS FROM Q3B WHERE TDAYDATE LIKE '201403' GROUP BY TDAYDATE)AS T803) TT803 UNION (SELECT * FROM(SELECT TDAYDATE, COUNT(DISTINCT HOUSEID)AS C, 30 AS DAYS FROM Q3B WHERE TDAYDATE LIKE '201404' GROUP BY TDAYDATE)AS T804) UNION (SELECT * FROM(SELECT TDAYDATE, COUNT(DISTINCT HOUSEID)AS C, 31 AS DAYS FROM Q3B WHERE TDAYDATE LIKE '201405' GROUP BY TDAYDATE)AS T805)UNION (SELECT * FROM(SELECT TDAYDATE, COUNT(DISTINCT HOUSEID)AS C, 30 AS DAYS FROM Q3B WHERE TDAYDATE LIKE '201406' GROUP BY TDAYDATE)AS T806)UNION (SELECT * FROM(SELECT TDAYDATE, COUNT(DISTINCT HOUSEID)AS C, 31 AS DAYS FROM Q3B WHERE TDAYDATE LIKE '201407' GROUP BY TDAYDATE)AS T807)UNION (SELECT * FROM(SELECT TDAYDATE, COUNT(DISTINCT HOUSEID)AS C, 31 AS DAYS FROM Q3B WHERE TDAYDATE LIKE '201408' GROUP BY TDAYDATE)AS T808)UNION (SELECT * FROM(SELECT TDAYDATE, COUNT(DISTINCT HOUSEID)AS C, 30 AS DAYS FROM Q3B WHERE TDAYDATE LIKE '201409' GROUP BY TDAYDATE)AS T809)UNION (SELECT * FROM(SELECT TDAYDATE, COUNT(DISTINCT HOUSEID)AS C, 31 AS DAYS FROM Q3B WHERE TDAYDATE LIKE '201410' GROUP BY TDAYDATE)AS T810)UNION (SELECT * FROM(SELECT TDAYDATE, COUNT(DISTINCT HOUSEID)AS C, 30 AS DAYS  FROM Q3B WHERE TDAYDATE LIKE '201411' GROUP BY TDAYDATE)AS T811)UNION (SELECT * FROM(SELECT TDAYDATE, COUNT(DISTINCT HOUSEID)AS C, 31 AS DAYS  FROM Q3B WHERE TDAYDATE LIKE '201412' GROUP BY TDAYDATE)AS T812)UNION (SELECT * FROM(SELECT TDAYDATE, COUNT(DISTINCT HOUSEID)AS C, 31 AS DAYS FROM Q3B WHERE TDAYDATE LIKE '201401' GROUP BY TDAYDATE)AS T901)UNION (SELECT * FROM(SELECT TDAYDATE, COUNT(DISTINCT HOUSEID)AS C, 28 AS DAYS  FROM Q3B WHERE TDAYDATE LIKE '201402' GROUP BY TDAYDATE)AS T902) GROUP BY TDAYDATE)AS T904))C1 ON C1.TDAYDATE = TEMP.TDAYDATE ORDER BY C1.TDAYDATE 
错误:  关系 "q5d" 已经存在
语句:  SELECT C1.TDAYDATE, C1.C, TEMP.TOLGALLON, C1.DAYS, (TOLGALLON*DAYS /C*117538000)AS TOTCO2 INTO Q5D FROM (SELECT * FROM(SELECT SUM(TOLGALLON1)AS TOLGALLON, TDAYDATE FROM(SELECT TDAYDATE, HOUSEID, (SUM(TRPMILES / EPATMPG)*0.008887) AS TOLGALLON1  FROM Q3B GROUP BY TDAYDATE, HOUSEID)AS TOT GROUP BY TDAYDATE)AS TEMP1)AS TEMP JOIN(SELECT * FROM (SELECT * FROM(SELECT TDAYDATE, COUNT(DISTINCT HOUSEID)AS C, 31 AS DAYS FROM Q3B WHERE TDAYDATE LIKE '201403' GROUP BY TDAYDATE)AS T803) TT803 UNION (SELECT * FROM(SELECT TDAYDATE, COUNT(DISTINCT HOUSEID)AS C, 30 AS DAYS FROM Q3B WHERE TDAYDATE LIKE '201404' GROUP BY TDAYDATE)AS T804) UNION (SELECT * FROM(SELECT TDAYDATE, COUNT(DISTINCT HOUSEID)AS C, 31 AS DAYS FROM Q3B WHERE TDAYDATE LIKE '201405' GROUP BY TDAYDATE)AS T805)UNION (SELECT * FROM(SELECT TDAYDATE, COUNT(DISTINCT HOUSEID)AS C, 30 AS DAYS FROM Q3B WHERE TDAYDATE LIKE '201406' GROUP BY TDAYDATE)AS T806)UNION (SELECT * FROM(SELECT TDAYDATE, COUNT(DISTINCT HOUSEID)AS C, 31 AS DAYS FROM Q3B WHERE TDAYDATE LIKE '201407' GROUP BY TDAYDATE)AS T807)UNION (SELECT * FROM(SELECT TDAYDATE, COUNT(DISTINCT HOUSEID)AS C, 31 AS DAYS FROM Q3B WHERE TDAYDATE LIKE '201408' GROUP BY TDAYDATE)AS T808)UNION (SELECT * FROM(SELECT TDAYDATE, COUNT(DISTINCT HOUSEID)AS C, 30 AS DAYS FROM Q3B WHERE TDAYDATE LIKE '201409' GROUP BY TDAYDATE)AS T809)UNION (SELECT * FROM(SELECT TDAYDATE, COUNT(DISTINCT HOUSEID)AS C, 31 AS DAYS FROM Q3B WHERE TDAYDATE LIKE '201410' GROUP BY TDAYDATE)AS T810)UNION (SELECT * FROM(SELECT TDAYDATE, COUNT(DISTINCT HOUSEID)AS C, 30 AS DAYS  FROM Q3B WHERE TDAYDATE LIKE '201411' GROUP BY TDAYDATE)AS T811)UNION (SELECT * FROM(SELECT TDAYDATE, COUNT(DISTINCT HOUSEID)AS C, 31 AS DAYS  FROM Q3B WHERE TDAYDATE LIKE '201412' GROUP BY TDAYDATE)AS T812)UNION (SELECT * FROM(SELECT TDAYDATE, COUNT(DISTINCT HOUSEID)AS C, 31 AS DAYS FROM Q3B WHERE TDAYDATE LIKE '201401' GROUP BY TDAYDATE)AS T901)UNION (SELECT * FROM(SELECT TDAYDATE, COUNT(DISTINCT HOUSEID)AS C, 28 AS DAYS  FROM Q3B WHERE TDAYDATE LIKE '201402' GROUP BY TDAYDATE)AS T902))C1 ON C1.TDAYDATE = TEMP.TDAYDATE ORDER BY C1.TDAYDATE 
错误:  关系 "q3d" 不存在 第 404 个字符处
语句:  SELECT (T8.TOTCO2 - T8.TOTCO2NOW)/T8.TOTCO2 AS DIFFERENCE  FROM (SELECT T7.TDAYDATE, (T7.GASCO2 + T7.ECO2)AS TOTCO2NOW, T7.TOTCO2    FROM (SELECT T6.TDAYDATE, SUM(T6.CO2)AS ECO2, SUM(T6.GCO2*0.008887)AS GASCO2, T6.TOTCO2  FROM (SELECT T5.HOUSEID, T5.VEHID, T5.TDAYDATE, (T5.ELECO2 / Q3C.C * 117538000 * Q3C.DAYS)AS CO2, (T5.GASMILE / T5.EPATMPG / Q3C.C * 117538000 * Q3C.DAYS)AS GCO2, Q3C.TOTCO2   FROM Q3D, (SELECT T4.HOUSEID, T4.VEHID, T4.TDAYDATE, (KWH*Q5B.CO2PKWH)AS ELECO2, T4.GASMILE, T4.ELEMILE, T4.EPATMPG FROM Q5B, (SELECT HOUSEID, VEHID, TDAYDATE, SUM(KWH)AS KWH, SUM(GASMILE)AS GASMILE, SUM(ELEMILE)AS ELEMILE, EPATMPG  FROM (((SELECT HOUSEID, VEHID, TDAYDATE, 0 AS KWH, (TOTMIL)AS GASMILE, 0 AS ELEMILE, EPATMPG FROM (SELECT HOUSEID, VEHID, TDAYDATE, TRPMILES AS TOTMIL, MPKWH, EPATMPG FROM(SELECT HOUSEID, VEHID, TDAYDATE, TRPMILES, (3 / 33.1*EPATMPG)AS MPKWH, EPATMPG FROM Q3B)T1)T2 WHERE TOTMIL >  84)) UNION ALL(SELECT HOUSEID, VEHID, TDAYDATE, (TOTMIL / MPKWH)AS KWH, 0 AS GASMILE, TOTMIL AS ELEMILE, EPATMPG  FROM (SELECT HOUSEID, VEHID, TDAYDATE, TRPMILES AS TOTMIL, MPKWH, EPATMPG FROM(SELECT HOUSEID, VEHID, TDAYDATE, TRPMILES, (3 / 33.1*EPATMPG)AS MPKWH, EPATMPG FROM Q3B)T1)T2 WHERE TOTMIL <  84 AND TOTMIL>0))AS TT4 GROUP BY HOUSEID, VEHID, TDAYDATE, EPATMPG)AS T4 WHERE Q5B.YYYYMM = T4.TDAYDATE)AS T5 WHERE T5.TDAYDATE = Q3C.TDAYDATE)AS T6 GROUP BY TDAYDATE, TOTCO2)AS T7)AS T8 
错误:  关系 "q3b" 已经存在
语句:   SELECT * INTO Q3B FROM( DAY NATURAL JOIN VEH)TOT WHERE VEHID>=1 AND TRPMILES>0 AND DRVR_FLG=1  
错误:  关系 "tmp" 已经存在
语句:  SELECT YYYYMM, TRANSPORTATION INTO TMP FROM T2 WHERE MSN LIKE 'TEACEUS'
错误:  表 "q3dco2" 不存在
语句:  Drop Table Q3DCO2;
错误:  表 "q3b" 不存在
语句:  Drop Table Q3B; 
日志:  检查点事件发生过于频繁(9 秒间隔)
提示:  认为增加配置参数 "checkpoint_segments".
日志:  检查点事件发生过于频繁(12 秒间隔)
提示:  认为增加配置参数 "checkpoint_segments".
日志:  检查点事件发生过于频繁(9 秒间隔)
提示:  认为增加配置参数 "checkpoint_segments".
日志:  检查点事件发生过于频繁(10 秒间隔)
提示:  认为增加配置参数 "checkpoint_segments".
日志:  检查点事件发生过于频繁(11 秒间隔)
提示:  认为增加配置参数 "checkpoint_segments".
日志:  检查点事件发生过于频繁(9 秒间隔)
提示:  认为增加配置参数 "checkpoint_segments".
日志:  检查点事件发生过于频繁(9 秒间隔)
提示:  认为增加配置参数 "checkpoint_segments".
日志:  检查点事件发生过于频繁(11 秒间隔)
提示:  认为增加配置参数 "checkpoint_segments".
日志:  检查点事件发生过于频繁(10 秒间隔)
提示:  认为增加配置参数 "checkpoint_segments".
日志:  检查点事件发生过于频繁(10 秒间隔)
提示:  认为增加配置参数 "checkpoint_segments".
日志:  检查点事件发生过于频繁(10 秒间隔)
提示:  认为增加配置参数 "checkpoint_segments".
日志:  检查点事件发生过于频繁(9 秒间隔)
提示:  认为增加配置参数 "checkpoint_segments".
