æ—¥å¿—:  æŽ¥åˆ°åˆ°æ™ºèƒ½ (smart) åœæ­¢è¯·æ±‚
æ—¥å¿—:  æŽ¥æ”¶åˆ° SIGHUP, é‡è½½é…ç½®æ–‡ä»¶
æ—¥å¿—:  æ­£åœ¨å…³é—­autovacuumå¯åŠ¨è¿›ç¨‹
æ—¥å¿—:  æ­£åœ¨å…³é—­
æ—¥å¿—:  æ•°æ®åº“ç³»ç»Ÿå·²å…³é—­
è‡´å‘½é”™è¯¯:  æ•°æ®åº“ç³»ç»Ÿå¯åŠ¨ä¸­
æ—¥å¿—:  æ•°æ®åº“ä¸Šæ¬¡å…³é—­æ—¶é—´ä¸º 2016-03-10 03:55:03 PST
æ—¥å¿—:  MultiXact member wraparound protections are now enabled
æ—¥å¿—:  æ•°æ®åº“ç³»ç»Ÿå‡†å¤‡æŽ¥å—è¿žæŽ¥
æ—¥å¿—:  å·²å¯åŠ¨autovacuum
é”™è¯¯:  å…³ç³» "q3b" å·²ç»å­˜åœ¨
è¯­å¥:   SELECT TRP.HOUSEID, TRP.VEHID, TRP.TDAYDATE, TRP.TRPMILES, VEH1.EPATMPG INTO Q3B FROM( (SELECT HOUSEID, VEHID, TDAYDATE, TRPMILES FROM DAY)TRP JOIN (SELECT HOUSEID, VEHID, EPATMPG FROM VEH)VEH1 ON TRP.HOUSEID = VEH1.HOUSEID AND TRP.VEHID = VEH1.VEHID) 
é”™è¯¯:  è¡¨ "tmp" ä¸å­˜åœ¨
è¯­å¥:  Drop Table TMP; Drop Table Q3C; 
é”™è¯¯:  è¡¨ "q3c" ä¸å­˜åœ¨
è¯­å¥:  Drop Table Q3B; Drop Table Q3C; 
é”™è¯¯:  è¡¨ "q3c" ä¸å­˜åœ¨
è¯­å¥:  Drop Table Q3B; Drop Table Q3C; 
é”™è¯¯:  å…³ç³» "tmp" å·²ç»å­˜åœ¨
è¯­å¥:  SELECT YYYYMM, TRANSPORTATION INTO TMP FROM T2 WHERE MSN LIKE 'TEACEUS'
é”™è¯¯:  è¯­æ³•é”™è¯¯ åœ¨ "(" æˆ–é™„è¿‘çš„ ç¬¬ 66 ä¸ªå­—ç¬¦å¤„
è¯­å¥:  SELECT YYYYMM, (TT1.ELECTRICITY/TT2.MKWH) AS CO2PKWH INTO Q3DCO2 (SELECT YYYYMM, ELECTRICITY  FROM T1  WHERE MSN LIKE 'TXEIEUS' AND (YYYYMM LIKE '200803' OR YYYYMM LIKE '200804' OR YYYYMM LIKE '200805' OR YYYYMM LIKE '200806' OR YYYYMM LIKE '200807' OR YYYYMM LIKE '200808' OR YYYYMM LIKE '200809' OR YYYYMM LIKE '200810' OR YYYYMM LIKE '200811' OR YYYYMM LIKE '200812' OR YYYYMM LIKE '200901' OR YYYYMM LIKE '200902' OR YYYYMM LIKE '200903' OR YYYYMM LIKE '200904' ))AS TT1, (SELECT YYYYMM, MKWH  FROM T3  WHERE MSN LIKE 'TXEIEUS' AND (YYYYMM LIKE '200803' OR YYYYMM LIKE '200804' OR YYYYMM LIKE '200805' OR YYYYMM LIKE '200806' OR YYYYMM LIKE '200807' OR YYYYMM LIKE '200808' OR YYYYMM LIKE '200809' OR YYYYMM LIKE '200810' OR YYYYMM LIKE '200811' OR YYYYMM LIKE '200812' OR YYYYMM LIKE '200901' OR YYYYMM LIKE '200902' OR YYYYMM LIKE '200903' OR YYYYMM LIKE '200904' ))AS TT2 WHERE TT1.YYYYMM = TT2.YYYYMM 
é”™è¯¯:  å­—æ®µå…³è” "yyyymm" æ˜¯ä¸æ˜Žç¡®çš„ ç¬¬ 8 ä¸ªå­—ç¬¦å¤„
è¯­å¥:  SELECT YYYYMM, (TT1.ELECTRICITY/TT2.MKWH) AS CO2PKWH INTO Q3DCO2 FROM (SELECT YYYYMM, ELECTRICITY  FROM T1  WHERE MSN LIKE 'TXEIEUS' AND (YYYYMM LIKE '200803' OR YYYYMM LIKE '200804' OR YYYYMM LIKE '200805' OR YYYYMM LIKE '200806' OR YYYYMM LIKE '200807' OR YYYYMM LIKE '200808' OR YYYYMM LIKE '200809' OR YYYYMM LIKE '200810' OR YYYYMM LIKE '200811' OR YYYYMM LIKE '200812' OR YYYYMM LIKE '200901' OR YYYYMM LIKE '200902' OR YYYYMM LIKE '200903' OR YYYYMM LIKE '200904' ))AS TT1, (SELECT YYYYMM, MKWH  FROM T3  WHERE MSN LIKE 'TXEIEUS' AND (YYYYMM LIKE '200803' OR YYYYMM LIKE '200804' OR YYYYMM LIKE '200805' OR YYYYMM LIKE '200806' OR YYYYMM LIKE '200807' OR YYYYMM LIKE '200808' OR YYYYMM LIKE '200809' OR YYYYMM LIKE '200810' OR YYYYMM LIKE '200811' OR YYYYMM LIKE '200812' OR YYYYMM LIKE '200901' OR YYYYMM LIKE '200902' OR YYYYMM LIKE '200903' OR YYYYMM LIKE '200904' ))AS TT2 WHERE TT1.YYYYMM = TT2.YYYYMM 
é”™è¯¯:  å…³ç³» "q3dco2" å·²ç»å­˜åœ¨
è¯­å¥:  SELECT TT1.YYYYMM, (TT1.ELECTRICITY/TT2.MKWH) AS CO2PKWH INTO Q3DCO2 FROM (SELECT YYYYMM, ELECTRICITY  FROM T1  WHERE MSN LIKE 'TXEIEUS' AND (YYYYMM LIKE '200803' OR YYYYMM LIKE '200804' OR YYYYMM LIKE '200805' OR YYYYMM LIKE '200806' OR YYYYMM LIKE '200807' OR YYYYMM LIKE '200808' OR YYYYMM LIKE '200809' OR YYYYMM LIKE '200810' OR YYYYMM LIKE '200811' OR YYYYMM LIKE '200812' OR YYYYMM LIKE '200901' OR YYYYMM LIKE '200902' OR YYYYMM LIKE '200903' OR YYYYMM LIKE '200904' ))AS TT1, (SELECT YYYYMM, MKWH  FROM T3  WHERE MSN LIKE 'ELETPUS' AND (YYYYMM LIKE '200803' OR YYYYMM LIKE '200804' OR YYYYMM LIKE '200805' OR YYYYMM LIKE '200806' OR YYYYMM LIKE '200807' OR YYYYMM LIKE '200808' OR YYYYMM LIKE '200809' OR YYYYMM LIKE '200810' OR YYYYMM LIKE '200811' OR YYYYMM LIKE '200812' OR YYYYMM LIKE '200901' OR YYYYMM LIKE '200902' OR YYYYMM LIKE '200903' OR YYYYMM LIKE '200904' ))AS TT2 WHERE TT1.YYYYMM = TT2.YYYYMM 
è‡´å‘½é”™è¯¯:  æ•°æ®åº“ "haozhe26" ä¸å­˜åœ¨
æ—¥å¿—:  æ•°æ®åº“ç³»ç»Ÿä¸­æ–­ï¼›ä¸Šä¸€æ¬¡çš„å¯åŠ¨æ—¶é—´æ˜¯åœ¨2016-03-10 16:58:48 PST
è‡´å‘½é”™è¯¯:  æ•°æ®åº“ç³»ç»Ÿå¯åŠ¨ä¸­
è‡´å‘½é”™è¯¯:  æ•°æ®åº“ç³»ç»Ÿå¯åŠ¨ä¸­
è‡´å‘½é”™è¯¯:  æ•°æ®åº“ç³»ç»Ÿå¯åŠ¨ä¸­
è‡´å‘½é”™è¯¯:  æ•°æ®åº“ç³»ç»Ÿå¯åŠ¨ä¸­
è‡´å‘½é”™è¯¯:  æ•°æ®åº“ç³»ç»Ÿå¯åŠ¨ä¸­
è‡´å‘½é”™è¯¯:  æ•°æ®åº“ç³»ç»Ÿå¯åŠ¨ä¸­
æ—¥å¿—:  æ•°æ®åº“ç³»ç»Ÿæ²¡æœ‰æ­£ç¡®çš„å…³é—­; å¤„äºŽè‡ªåŠ¨æ¢å¤çŠ¶æ€ä¸­
æ—¥å¿—:  record with zero length at 0/3DB5B488
æ—¥å¿—:  ä¸éœ€è¦ redo
è‡´å‘½é”™è¯¯:  æ•°æ®åº“ç³»ç»Ÿå¯åŠ¨ä¸­
æ—¥å¿—:  MultiXact member wraparound protections are now enabled
æ—¥å¿—:  æ•°æ®åº“ç³»ç»Ÿå‡†å¤‡æŽ¥å—è¿žæŽ¥
æ—¥å¿—:  å·²å¯åŠ¨autovacuum
»šå½“å‰äº‹ç‰©å¹¶é€€å‡º, å› ä¸ºå…¶å®ƒæœåŠ¡å™¨è¿›ç¨‹ä¸æ­£å¸¸çš„é€€å‡ºå¯èƒ½æ¯åäº†å…±äº«å†…å­˜.
æç¤º:  ä¸€ä¼šå„¿ä½ å°†å¯ä»¥é‡è”æŽ¥æ•°æ®åº“å¹¶ä¸”é‡å¤ä½ çš„å‘½ä»¤.
è­¦å‘Š:  ä¸­æ–­è”æŽ¥, å› ä¸ºå…¶å®ƒæœåŠ¡å™¨è¿›ç¨‹å´©æºƒ
è¯¦ç»†ä¿¡æ¯:  Postmaster å‘½ä»¤æ­¤æœåŠ¡å™¨è¿›ç¨‹å›žæ»šå½“å‰äº‹ç‰©å¹¶é€€å‡º, å› ä¸ºå…¶å®ƒæœåŠ¡å™¨è¿›ç¨‹ä¸æ­£å¸¸çš„é€€å‡ºå¯èƒ½æ¯åäº†å…±äº«å†…å­˜.
æç¤º:  ä¸€ä¼šå„¿ä½ å°†å¯ä»¥é‡è”æŽ¥æ•°æ®åº“å¹¶ä¸”é‡å¤ä½ çš„å‘½ä»¤.
æ—¥å¿—:  æ•°æ®åº“ç³»ç»Ÿä¸­æ–­ï¼›ä¸Šä¸€æ¬¡çš„å¯åŠ¨æ—¶é—´æ˜¯åœ¨2016-03-10 17:57:50 PST
è‡´å‘½é”™è¯¯:  æ•°æ®åº“ç³»ç»Ÿå¯åŠ¨ä¸­
è‡´å‘½é”™è¯¯:  æ•°æ®åº“ç³»ç»Ÿå¯åŠ¨ä¸­
è‡´å‘½é”™è¯¯:  æ•°æ®åº“ç³»ç»Ÿå¯åŠ¨ä¸­
è‡´å‘½é”™è¯¯:  æ•°æ®åº“ç³»ç»Ÿå¯åŠ¨ä¸­
æ—¥å¿—:  lock file "postmaster.pid" contains wrong PID: 21102 instead of 20513
æ—¥å¿—:  performing immediate shutdown because data directory lock file is invalid
æ—¥å¿—:  æŽ¥æ”¶åˆ°ç«‹å³ (immediate) åœæ­¢è¯·æ±‚
è­¦å‘Š:  ä¸­æ–­è”æŽ¥, å› ä¸ºå…¶å®ƒæœåŠ¡å™¨è¿›ç¨‹å´©æºƒ
è¯¦ç»†ä¿¡æ¯:  Postmaster å‘½ä»¤æ­¤æœåŠ¡å™¨è¿›ç¨‹å›žæ»šå½“å‰äº‹ç‰©å¹¶é€€å‡º, å› ä¸ºå…¶å®ƒæœåŠ¡å™¨è¿›ç¨‹ä¸æ­£å¸¸çš„é€€å‡ºå¯èƒ½æ¯åäº†å…±äº«å†…å­˜.
æç¤º:  ä¸€ä¼šå„¿ä½ å°†å¯ä»¥é‡è”æŽ¥æ•°æ®åº“å¹¶ä¸”é‡å¤ä½ çš„å‘½ä»¤.
è­¦å‘Š:  ä¸­æ–­è”æŽ¥, å› ä¸ºå…¶å®ƒæœåŠ¡å™¨è¿›ç¨‹å´©æºƒ
è¯¦ç»†ä¿¡æ¯:  Postmaster å‘½ä»¤æ­¤æœåŠ¡å™¨è¿›ç¨‹å›žæ»šå½“å‰äº‹ç‰©å¹¶é€€å‡º, å› ä¸ºå…¶å®ƒæœåŠ¡å™¨è¿›ç¨‹ä¸æ­£å¸¸çš„é€€å‡ºå¯èƒ½æ¯åäº†å…±äº«å†…å­˜.
æç¤º:  ä¸€ä¼šå„¿ä½ å°†å¯ä»¥é‡è”æŽ¥æ•°æ®åº“å¹¶ä¸”é‡å¤ä½ çš„å‘½ä»¤.
æ—¥å¿—:  æ•°æ®åº“ç³»ç»Ÿæ²¡æœ‰æ­£ç¡®çš„å…³é—­; å¤„äºŽè‡ªåŠ¨æ¢å¤çŠ¶æ€ä¸­
æ—¥å¿—:  record with zero length at 0/3DB5B4F0
æ—¥å¿—:  ä¸éœ€è¦ redo
æ—¥å¿—:  MultiXact member wraparound protections are now enabled
æ—¥å¿—:  æ•°æ®åº“ç³»ç»Ÿå‡†å¤‡æŽ¥å—è¿žæŽ¥
æ—¥å¿—:  å·²å¯åŠ¨autovacuum
æ—¥å¿—:  æ— æ³•æ‰“å¼€æ–‡ä»¶ "postmaster.pid": æ²¡æœ‰é‚£ä¸ªæ–‡ä»¶æˆ–ç›®å½•
æ—¥å¿—:  performing immediate shutdown because data directory lock file is invalid
æ—¥å¿—:  æŽ¥æ”¶åˆ°ç«‹å³ (immediate) åœæ­¢è¯·æ±‚
è­¦å‘Š:  ä¸­æ–­è”æŽ¥, å› ä¸ºå…¶å®ƒæœåŠ¡å™¨è¿›ç¨‹å´©æºƒ
è¯¦ç»†ä¿¡æ¯:  Postmaster å‘½ä»¤æ­¤æœåŠ¡å™¨è¿›ç¨‹å›žæ»šå½“å‰äº‹ç‰©å¹¶é€€å‡º, å› ä¸ºå…¶å®ƒæœåŠ¡å™¨è¿›ç¨‹ä¸æ­£å¸¸çš„é€€å‡ºå¯èƒ½æ¯åäº†å…±äº«å†…å­˜.
æç¤º:  ä¸€ä¼šå„¿ä½ å°†å¯ä»¥é‡è”æŽ¥æ•°æ®åº“å¹¶ä¸”é‡å¤ä½ çš„å‘½ä»¤.
è‡´å‘½é”™è¯¯:  æ•°æ®åº“ç³»ç»Ÿå¯åŠ¨ä¸­
æ—¥å¿—:  æ•°æ®åº“ç³»ç»Ÿä¸­æ–­ï¼›ä¸Šä¸€æ¬¡çš„å¯åŠ¨æ—¶é—´æ˜¯åœ¨2016-03-10 17:58:52 PST
è‡´å‘½é”™è¯¯:  æ•°æ®åº“ç³»ç»Ÿå¯åŠ¨ä¸­
è‡´å‘½é”™è¯¯:  æ•°æ®åº“ç³»ç»Ÿå¯åŠ¨ä¸­
è‡´å‘½é”™è¯¯:  æ•°æ®åº“ç³»ç»Ÿå¯åŠ¨ä¸­
è‡´å‘½é”™è¯¯:  æ•°æ®åº“ç³»ç»Ÿå¯åŠ¨ä¸­
è‡´å‘½é”™è¯¯:  æ•°æ®åº“ç³»ç»Ÿå¯åŠ¨ä¸­
è‡´å‘½é”™è¯¯:  æ•°æ®åº“ç³»ç»Ÿå¯åŠ¨ä¸­
æ—¥å¿—:  æ•°æ®åº“ç³»ç»Ÿæ²¡æœ‰æ­£ç¡®çš„å…³é—­; å¤„äºŽè‡ªåŠ¨æ¢å¤çŠ¶æ€ä¸­
æ—¥å¿—:  record with zero length at 0/3DB5B558
æ—¥å¿—:  ä¸éœ€è¦ redo
æ—¥å¿—:  MultiXact member wraparound protections are now enabled
æ—¥å¿—:  æ•°æ®åº“ç³»ç»Ÿå‡†å¤‡æŽ¥å—è¿žæŽ¥
æ—¥å¿—:  å·²å¯åŠ¨autovacuum
é”™è¯¯:  å…³ç³» "q3dco2" å·²ç»å­˜åœ¨
è¯­å¥:  SELECT TT1.YYYYMM, (TT1.ELECTRICITY/TT2.MKWH) AS CO2PKWH INTO Q3DCO2 FROM (SELECT YYYYMM, ELECTRICITY  FROM T1  WHERE MSN LIKE 'TXEIEUS' AND (YYYYMM LIKE '200803' OR YYYYMM LIKE '200804' OR YYYYMM LIKE '200805' OR YYYYMM LIKE '200806' OR YYYYMM LIKE '200807' OR YYYYMM LIKE '200808' OR YYYYMM LIKE '200809' OR YYYYMM LIKE '200810' OR YYYYMM LIKE '200811' OR YYYYMM LIKE '200812' OR YYYYMM LIKE '200901' OR YYYYMM LIKE '200902' OR YYYYMM LIKE '200903' OR YYYYMM LIKE '200904' ))AS TT1, (SELECT YYYYMM, MKWH  FROM T3  WHERE MSN LIKE 'ELETPUS' AND (YYYYMM LIKE '200803' OR YYYYMM LIKE '200804' OR YYYYMM LIKE '200805' OR YYYYMM LIKE '200806' OR YYYYMM LIKE '200807' OR YYYYMM LIKE '200808' OR YYYYMM LIKE '200809' OR YYYYMM LIKE '200810' OR YYYYMM LIKE '200811' OR YYYYMM LIKE '200812' OR YYYYMM LIKE '200901' OR YYYYMM LIKE '200902' OR YYYYMM LIKE '200903' OR YYYYMM LIKE '200904' ))AS TT2 WHERE TT1.YYYYMM = TT2.YYYYMM 
é”™è¯¯:  å­—æ®µ q3dco2.electricity ä¸å­˜åœ¨ ç¬¬ 437 ä¸ªå­—ç¬¦å¤„
è¯­å¥:  SELECT SUM(T8.TOTCO2 - T8.TOTCO2NOW)   FROM (SELECT T7.TDAYDATE, (T7.GASCO2 + T7.ECO2)AS TOTCO2NOW, T7.TOTCO2    FROM (SELECT T6.TDAYDATE, SUM(T6.CO2)AS ECO2, SUM(T6.GCO2*0.008887)AS GASCO2, T6.TOTCO2  FROM (SELECT T5.HOUSEID, T5.VEHID, T5.TDAYDATE, (T5.ELECO2 / Q3C.C * 117538000 * Q3C.DAYS)AS CO2, (T5.GASMILE / T5.EPATMPG / Q3C.C * 117538000 * Q3C.DAYS)AS GCO2, Q3C.TOTCO2   FROM Q3C, (SELECT T4.HOUSEID, T4.VEHID, T4.TDAYDATE, (KWH*Q3DCO2.ELECTRICITY)AS ELECO2, T4.GASMILE, T4.ELEMILE, T4.EPATMPG FROM Q3DCO2, (SELECT *  FROM ((SELECT HOUSEID,VEHID, TDAYDATE, ( 40/ MPKWH)AS KWH, (TOTMIL -  40)AS GASMILE,  40 AS ELEMILE, EPATMPG FROM (SELECT HOUSEID, VEHID, TDAYDATE, SUM(TRPMILES)AS TOTMIL, MPKWH, EPATMPG FROM(SELECT HOUSEID, VEHID, TDAYDATE, TRPMILES, (3 / 33.1*EPATMPG)AS MPKWH, EPATMPG FROM Q3B)T1 GROUP BY HOUSEID, VEHID, TDAYDATE, MPKWH, EPATMPG)T2 WHERE TOTMIL >=  40))T3 UNION (SELECT HOUSEID, VEHID, TDAYDATE, (TOTMIL / MPKWH)AS KWH, 0AS GASMILE, TOTMIL AS ELEMILE, EPATMPG  FROM (SELECT HOUSEID, VEHID, TDAYDATE, SUM(TRPMILES)AS TOTMIL, MPKWH, EPATMPG FROM(SELECT HOUSEID, VEHID, TDAYDATE, TRPMILES, (3 / 33.1*EPATMPG)AS MPKWH, EPATMPG FROM Q3B)T1 GROUP BY HOUSEID, VEHID, TDAYDATE, MPKWH, EPATMPG)T2 WHERE TOTMIL <=  40 AND TOTMIL>0))AS T4 WHERE Q3DCO2.YYYYMM = T4.TDAYDATE)AS T5 WHERE T5.TDAYDATE = Q3C.TDAYDATE)AS T6 GROUP BY TDAYDATE, TOTCO2)AS T7)AS T8 
æ—¥å¿—:  æŽ¥åˆ°åˆ°æ™ºèƒ½ (smart) åœæ­¢è¯·æ±‚
æ—¥å¿—:  æ­£åœ¨å…³é—­autovacuumå¯åŠ¨è¿›ç¨‹
è‡´å‘½é”™è¯¯:  ç”±äºŽç®¡ç†å‘˜å‘½ä»¤ä¸­æ–­è”æŽ¥
è‡´å‘½é”™è¯¯:  ç”±äºŽç®¡ç†å‘˜å‘½ä»¤ä¸­æ–­è”æŽ¥
è¯­å¥:  Drop Table Q3DCO2;
æ—¥å¿—:  æ­£åœ¨å…³é—­
æ—¥å¿—:  æ•°æ®åº“ç³»ç»Ÿå·²å…³é—­
æ—¥å¿—:  æ•°æ®åº“ä¸Šæ¬¡å…³é—­æ—¶é—´ä¸º 2016-03-10 18:09:15 PST
æ—¥å¿—:  MultiXact member wraparound protections are now enabled
æ—¥å¿—:  æ•°æ®åº“ç³»ç»Ÿå‡†å¤‡æŽ¥å—è¿žæŽ¥
æ—¥å¿—:  å·²å¯åŠ¨autovacuum
é”™è¯¯:  è¯­æ³•é”™è¯¯ åœ¨ ";" æˆ–é™„è¿‘çš„ ç¬¬ 73 ä¸ªå­—ç¬¦å¤„
è¯­å¥:  CREATE TABLE T1(MSN VARCHAR(15),YYYYMM VARCHAR(15),ELECTRICITY FLOAT(50);
é”™è¯¯:  è¡¨ "t1" ä¸å­˜åœ¨
è¯­å¥:  Drop Table T1; Drop Table T2; Drop Table T3; Drop Table T4; Drop Table DAY; Drop Table VEH; 
é”™è¯¯:  å­—æ®µ q3dco2.e ä¸å­˜åœ¨ ç¬¬ 366 ä¸ªå­—ç¬¦å¤„
è¯­å¥:  SELECT T7.TDAYDATE, (T7.GASCO2+T7.ECO2)AS TOTCO2NOW,T7.TOTCO2    FROM
	(SELECT T6.TDAYDATE,SUM(T6.CO2)AS ECO2,SUM(T6.GCO2*0.008887)AS GASCO2,T6.TOTCO2  FROM 
	(SELECT T5.HOUSEID,T5.VEHID,T5.TDAYDATE,(T5.ELECO2/Q3C.C*117538000*Q3C.DAYS)AS CO2,(T5.GASMILE/T5.EPATMPG /Q3C.C*117538000*Q3C.DAYS)AS GCO2,Q3C.TOTCO2   FROM Q3C,
	(SELECT T4.HOUSEID,T4.VEHID,T4.TDAYDATE,(KWH*Q3DCO2.E)AS ELECO2,T4.GASMILE,T4.ELEMILE,T4.EPATMPG FROM Q3DCO2,
	(SELECT *  FROM 
	((SELECT HOUSEID,VEHID,TDAYDATE,(60/MPKWH)AS KWH,(TOTMIL-60)AS GASMILE, 60 AS ELEMILE ,EPATMPG FROM
	(SELECT HOUSEID,VEHID,TDAYDATE,SUM(TRPMILES)AS TOTMIL,MPKWH,EPATMPG  
	FROM (SELECT HOUSEID,VEHID,TDAYDATE,TRPMILES,(3/33.1*EPATMPG)AS MPKWH,EPATMPG FROM Q3B)T1 GROUP BY HOUSEID,VEHID,TDAYDATE,MPKWH,EPATMPG)T2
	WHERE TOTMIL>=60))T3
	UNION
	(SELECT HOUSEID,VEHID,TDAYDATE,(TOTMIL/MPKWH)AS KWH,0AS GASMILE, TOTMIL AS ELEMILE,EPATMPG  FROM
	(SELECT HOUSEID,VEHID,TDAYDATE,SUM(TRPMILES)AS TOTMIL,MPKWH,EPATMPG 
	FROM (SELECT HOUSEID,VEHID,TDAYDATE,TRPMILES,(3/33.1*EPATMPG)AS MPKWH,EPATMPG FROM Q3B)T1 GROUP BY HOUSEID,VEHID,TDAYDATE,MPKWH,EPATMPG)T2
	WHERE TOTMIL<60 AND TOTMIL>0))AS T4
	WHERE Q3DCO2.YYYYMM = T4.TDAYDATE)AS T5
	WHERE T5.TDAYDATE = Q3C.TDAYDATE)AS T6
	GROUP BY TDAYDATE,TOTCO2)AS T7
é”™è¯¯:  å­—æ®µ q3dco2.electricity ä¸å­˜åœ¨ ç¬¬ 366 ä¸ªå­—ç¬¦å¤„
è¯­å¥:  SELECT T7.TDAYDATE, (T7.GASCO2+T7.ECO2)AS TOTCO2NOW,T7.TOTCO2    FROM
	(SELECT T6.TDAYDATE,SUM(T6.CO2)AS ECO2,SUM(T6.GCO2*0.008887)AS GASCO2,T6.TOTCO2  FROM 
	(SELECT T5.HOUSEID,T5.VEHID,T5.TDAYDATE,(T5.ELECO2/Q3C.C*117538000*Q3C.DAYS)AS CO2,(T5.GASMILE/T5.EPATMPG /Q3C.C*117538000*Q3C.DAYS)AS GCO2,Q3C.TOTCO2   FROM Q3C,
	(SELECT T4.HOUSEID,T4.VEHID,T4.TDAYDATE,(KWH*Q3DCO2.ELECTRICITY)AS ELECO2,T4.GASMILE,T4.ELEMILE,T4.EPATMPG FROM Q3DCO2,
	(SELECT *  FROM 
	((SELECT HOUSEID,VEHID,TDAYDATE,(60/MPKWH)AS KWH,(TOTMIL-60)AS GASMILE, 60 AS ELEMILE ,EPATMPG FROM
	(SELECT HOUSEID,VEHID,TDAYDATE,SUM(TRPMILES)AS TOTMIL,MPKWH,EPATMPG  
	FROM (SELECT HOUSEID,VEHID,TDAYDATE,TRPMILES,(3/33.1*EPATMPG)AS MPKWH,EPATMPG FROM Q3B)T1 GROUP BY HOUSEID,VEHID,TDAYDATE,MPKWH,EPATMPG)T2
	WHERE TOTMIL>=60))T3
	UNION
	(SELECT HOUSEID,VEHID,TDAYDATE,(TOTMIL/MPKWH)AS KWH,0AS GASMILE, TOTMIL AS ELEMILE,EPATMPG  FROM
	(SELECT HOUSEID,VEHID,TDAYDATE,SUM(TRPMILES)AS TOTMIL,MPKWH,EPATMPG 
	FROM (SELECT HOUSEID,VEHID,TDAYDATE,TRPMILES,(3/33.1*EPATMPG)AS MPKWH,EPATMPG FROM Q3B)T1 GROUP BY HOUSEID,VEHID,TDAYDATE,MPKWH,EPATMPG)T2
	WHERE TOTMIL<60 AND TOTMIL>0))AS T4
	WHERE Q3DCO2.YYYYMM = T4.TDAYDATE)AS T5
	WHERE T5.TDAYDATE = Q3C.TDAYDATE)AS T6
	GROUP BY TDAYDATE,TOTCO2)AS T7
æ—¥å¿—:  æ•°æ®åº“ç³»ç»Ÿä¸­æ–­ï¼›ä¸Šä¸€æ¬¡çš„å¯åŠ¨æ—¶é—´æ˜¯åœ¨2016-03-10 18:39:51 PST
è‡´å‘½é”™è¯¯:  æ•°æ®åº“ç³»ç»Ÿå¯åŠ¨ä¸­
è‡´å‘½é”™è¯¯:  æ•°æ®åº“ç³»ç»Ÿå¯åŠ¨ä¸­
è‡´å‘½é”™è¯¯:  æ•°æ®åº“ç³»ç»Ÿå¯åŠ¨ä¸­
  æ— æ³•å‘é€æ•°æ®ç»™å®¢æˆ·ç«¯: æ–­å¼€çš„ç®¡é“
è‡´å‘½é”™è¯¯:  ä¸¢å¤±äº†åˆ°å®¢æˆ·ç«¯çš„è¿žæŽ¥
æ—¥å¿—:  lock file "postmaster.pid" contains wrong PID: 28970 instead of 19451
æ—¥å¿—:  performing immediate shutdown because data directory lock file is invalid
æ—¥å¿—:  æŽ¥æ”¶åˆ°ç«‹å³ (immediate) åœæ­¢è¯·æ±‚
è­¦å‘Š:  ä¸­æ–­è”æŽ¥, å› ä¸ºå…¶å®ƒæœåŠ¡å™¨è¿›ç¨‹å´©æºƒ
è¯¦ç»†ä¿¡æ¯:  Postmaster å‘½ä»¤æ­¤æœåŠ¡å™¨è¿›ç¨‹å›žæ»šå½“å‰äº‹ç‰©å¹¶é€€å‡º, å› ä¸ºå…¶å®ƒæœåŠ¡å™¨è¿›ç¨‹ä¸æ­£å¸¸çš„é€€å‡ºå¯èƒ½æ¯åäº†å…±äº«å†…å­˜.
æç¤º:  ä¸€ä¼šå„¿ä½ å°†å¯ä»¥é‡è”æŽ¥æ•°æ®åº“å¹¶ä¸”é‡å¤ä½ çš„å‘½ä»¤.
è­¦å‘Š:  ä¸­æ–­è”æŽ¥, å› ä¸ºå…¶å®ƒæœåŠ¡å™¨è¿›ç¨‹å´©æºƒ
è¯¦ç»†ä¿¡æ¯:  Postmaster å‘½ä»¤æ­¤æœåŠ¡å™¨è¿›ç¨‹å›žæ»šå½“å‰äº‹ç‰©å¹¶é€€å‡º, å› ä¸ºå…¶å®ƒæœåŠ¡å™¨è¿›ç¨‹ä¸æ­£å¸¸çš„é€€å‡ºå¯èƒ½æ¯åäº†å…±äº«å†…å­˜.
æç¤º:  ä¸€ä¼šå„¿ä½ å°†å¯ä»¥é‡è”æŽ¥æ•°æ®åº“å¹¶ä¸”é‡å¤ä½ çš„å‘½ä»¤.
è‡´å‘½é”™è¯¯:  æ•°æ®åº“ç³»ç»Ÿå¯åŠ¨ä¸­
æ—¥å¿—:  æ•°æ®åº“ç³»ç»Ÿæ²¡æœ‰æ­£ç¡®çš„å…³é—­; å¤„äºŽè‡ªåŠ¨æ¢å¤çŠ¶æ€ä¸­
æ—¥å¿—:  redo åœ¨ 0/460B93D8 å¼€å§‹
æ—¥å¿—:  record with zero length at 0/460BFEA8
æ—¥å¿—:  redo åœ¨ 0/460BFE78 å®Œæˆ
æ—¥å¿—:  ä¸Šä¸€æ¬¡å®Œæˆäº‹åŠ¡æ˜¯åœ¨æ—¥å¿—æ—¶é—´2016-03-10 18:47:42.942541-08å®Œæˆçš„.
æ—¥å¿—:  MultiXact member wraparound protections are now enabled
æ—¥å¿—:  æ•°æ®åº“ç³»ç»Ÿå‡†å¤‡æŽ¥å—è¿žæŽ¥
æ—¥å¿—:  å·²å¯åŠ¨autovacuum
æ—¥å¿—:  æŽ¥æ”¶åˆ°å¿«é€Ÿ (fast) åœæ­¢è¯·æ±‚
æ—¥å¿—:  ä¸­æ–­ä»»ä½•æ¿€æ´»äº‹åŠ¡
æ—¥å¿—:  æ­£åœ¨å…³é—­autovacuumå¯åŠ¨è¿›ç¨‹
æ—¥å¿—:  æ­£åœ¨å…³é—­
æ—¥å¿—:  æ•°æ®åº“ç³»ç»Ÿå·²å…³é—­
æ—¥å¿—:  æ•°æ®åº“ä¸Šæ¬¡å…³é—­æ—¶é—´ä¸º 2016-03-10 18:48:52 PST
æ—¥å¿—:  MultiXact member wraparound protections are now enabled
æ—¥å¿—:  æ•°æ®åº“ç³»ç»Ÿå‡†å¤‡æŽ¥å—è¿žæŽ¥
æ—¥å¿—:  å·²å¯åŠ¨autovacuum
é”™è¯¯:  å…³ç³» "tmp" å·²ç»å­˜åœ¨
è¯­å¥:  SELECT YYYYMM, TRANSPORTATION INTO TMP FROM T2 WHERE MSN LIKE 'TEACEUS'
é”™è¯¯:  è¡¨ "q3c" ä¸å­˜åœ¨
è¯­å¥:  Drop Table TMP; Drop Table Q3C; Drop Table Q3DCO2;
é”™è¯¯:  è¡¨ "q3dco2" ä¸å­˜åœ¨
è¯­å¥:  Drop Table TMP; Drop Table Q3DCO2;
é”™è¯¯:  å­—æ®µ "kwh" ä¸å­˜åœ¨ ç¬¬ 433 ä¸ªå­—ç¬¦å¤„
è¯­å¥:  SELECT SUM(T8.TOTCO2 - T8.TOTCO2NOW)   FROM (SELECT T7.TDAYDATE, (T7.GASCO2 + T7.ECO2)AS TOTCO2NOW, T7.TOTCO2    FROM (SELECT T6.TDAYDATE, SUM(T6.CO2)AS ECO2, SUM(T6.GCO2*0.008887)AS GASCO2, T6.TOTCO2  FROM (SELECT T5.HOUSEID, T5.VEHID, T5.TDAYDATE, (T5.ELECO2 / Q3C.C * 117538000 * Q3C.DAYS)AS CO2, (T5.GASMILE / T5.EPATMPG / Q3C.C * 117538000 * Q3C.DAYS)AS GCO2, Q3C.TOTCO2   FROM Q3C, (SELECT T4.HOUSEID, T4.VEHID, T4.TDAYDATE, (KWH*Q3DCO2.CO2PKWH)AS ELECO2, T4.GASMILE, T4.ELEMILE, T4.EPATMPG FROM Q3DCO2, (SELECT HOUSEID, VEHID, TDAYDATE, SUM(KWH), SUM(GASMILE)AS GASMILE, SUM(ELEMILE), EPATMPG  FROM (((SELECT HOUSEID, VEHID, TDAYDATE, 0 AS KWH, (TOTMIL)AS GASMILE, 0 AS ELEMILE, EPATMPG FROM (SELECT HOUSEID, VEHID, TDAYDATE, TRPMILES AS TOTMIL, MPKWH, EPATMPG FROM(SELECT HOUSEID, VEHID, TDAYDATE, TRPMILES, (3 / 33.1*EPATMPG)AS MPKWH, EPATMPG FROM Q3B)T1)T2 WHERE TOTMIL >  84)) UNION ALL(SELECT HOUSEID, VEHID, TDAYDATE, (TOTMIL / MPKWH)AS KWH, 0 AS GASMILE, TOTMIL AS ELEMILE, EPATMPG  FROM (SELECT HOUSEID, VEHID, TDAYDATE, TRPMILES AS TOTMIL, MPKWH, EPATMPG FROM(SELECT HOUSEID, VEHID, TDAYDATE, TRPMILES, (3 / 33.1*EPATMPG)AS MPKWH, EPATMPG FROM Q3B)T1)T2 WHERE TOTMIL <  84 AND TOTMIL>0))AS TT4 GROUP BY HOUSEID, VEHID, TDAYDATE, EPATMPG)AS T4 WHERE Q3DCO2.YYYYMM = T4.TDAYDATE)AS T5 WHERE T5.TDAYDATE = Q3C.TDAYDATE)AS T6 GROUP BY TDAYDATE, TOTCO2)AS T7)AS T8 
