Build started 2016/5/22 17:01:24.
     1>Project "C:\Users\Ashgu\Documents\Visual Studio 2013\Projects\University Project\ECS165B\ECS165B\ECS165B.vcxproj" on node 2 (Build target(s)).
     1>ClCompile:
         C:\ASH\ASH的学习\ASH Computer Science\Visual Studio\VC\bin\CL.exe /c /ZI /nologo /W3 /WX- /sdl /Od /Oy- /D _MBCS /Gm /EHsc /RTC1 /MDd /GS /fp:precise /Zc:wchar_t /Zc:forScope /Fo"Debug\\" /Fd"Debug\vc120.pdb" /Gd /TP /analyze- /errorReport:prompt "HW4-parser.cpp" "HW4-sql.tab.cpp" lex.yy.cc myparser.cpp
         myparser.cpp
     1>c:\users\ashgu\documents\visual studio 2013\projects\university project\ecs165b\ecs165b\myparser.cpp(13): fatal error C1083: Cannot open include file: 'unistd.h': No such file or directory
         lex.yy.cc
     1>c:\users\ashgu\documents\visual studio 2013\projects\university project\ecs165b\ecs165b\lex.yy.cc(312): fatal error C1083: Cannot open include file: 'FlexLexer.h': No such file or directory
         HW4-sql.tab.cpp
     1>c:\users\ashgu\documents\visual studio 2013\projects\university project\ecs165b\ecs165b\hw4-sql.tab.cpp(1263): error C3861: 'yylex': identifier not found
     1>c:\users\ashgu\documents\visual studio 2013\projects\university project\ecs165b\ecs165b\hw4-sql.ypp(46): error C2065: 'OP_INSERTROW' : undeclared identifier
     1>c:\users\ashgu\documents\visual studio 2013\projects\university project\ecs165b\ecs165b\hw4-sql.ypp(46): error C3861: 'evalexpr': identifier not found
     1>c:\users\ashgu\documents\visual studio 2013\projects\university project\ecs165b\ecs165b\hw4-sql.ypp(46): error C3861: 'optimize': identifier not found
     1>c:\users\ashgu\documents\visual studio 2013\projects\university project\ecs165b\ecs165b\hw4-sql.ypp(46): error C3861: 'compile': identifier not found
     1>c:\users\ashgu\documents\visual studio 2013\projects\university project\ecs165b\ecs165b\hw4-sql.ypp(46): error C3861: 'cvt_itoe': identifier not found
     1>c:\users\ashgu\documents\visual studio 2013\projects\university project\ecs165b\ecs165b\hw4-sql.ypp(46): error C3861: 'makeexpr': identifier not found
     1>c:\users\ashgu\documents\visual studio 2013\projects\university project\ecs165b\ecs165b\hw4-sql.ypp(46): error C2065: 'freen' : undeclared identifier
     1>c:\users\ashgu\documents\visual studio 2013\projects\university project\ecs165b\ecs165b\hw4-sql.ypp(49): error C3861: 'printf': identifier not found
     1>c:\users\ashgu\documents\visual studio 2013\projects\university project\ecs165b\ecs165b\hw4-sql.ypp(49): error C2065: 'freen' : undeclared identifier
     1>c:\users\ashgu\documents\visual studio 2013\projects\university project\ecs165b\ecs165b\hw4-sql.ypp(52): error C3861: 'print_relation': identifier not found
     1>c:\users\ashgu\documents\visual studio 2013\projects\university project\ecs165b\ecs165b\hw4-sql.ypp(52): error C3861: 'evalexpr': identifier not found
     1>c:\users\ashgu\documents\visual studio 2013\projects\university project\ecs165b\ecs165b\hw4-sql.ypp(52): error C3861: 'optimize': identifier not found
     1>c:\users\ashgu\documents\visual studio 2013\projects\university project\ecs165b\ecs165b\hw4-sql.ypp(52): error C3861: 'compile': identifier not found
     1>c:\users\ashgu\documents\visual studio 2013\projects\university project\ecs165b\ecs165b\hw4-sql.ypp(52): error C3861: 'cvt_itoe': identifier not found
     1>c:\users\ashgu\documents\visual studio 2013\projects\university project\ecs165b\ecs165b\hw4-sql.ypp(52): error C2065: 'freen' : undeclared identifier
     1>c:\users\ashgu\documents\visual studio 2013\projects\university project\ecs165b\ecs165b\hw4-sql.ypp(55): error C3861: 'printf': identifier not found
     1>c:\users\ashgu\documents\visual studio 2013\projects\university project\ecs165b\ecs165b\hw4-sql.ypp(55): error C2065: 'freen' : undeclared identifier
     1>c:\users\ashgu\documents\visual studio 2013\projects\university project\ecs165b\ecs165b\hw4-sql.ypp(58): error C3861: 'printf': identifier not found
     1>c:\users\ashgu\documents\visual studio 2013\projects\university project\ecs165b\ecs165b\hw4-sql.ypp(58): error C2065: 'freen' : undeclared identifier
     1>c:\users\ashgu\documents\visual studio 2013\projects\university project\ecs165b\ecs165b\hw4-sql.ypp(61): error C2065: 'OP_CREATETABLE' : undeclared identifier
     1>c:\users\ashgu\documents\visual studio 2013\projects\university project\ecs165b\ecs165b\hw4-sql.ypp(61): error C3861: 'evalexpr': identifier not found
     1>c:\users\ashgu\documents\visual studio 2013\projects\university project\ecs165b\ecs165b\hw4-sql.ypp(61): error C3861: 'optimize': identifier not found
     1>c:\users\ashgu\documents\visual studio 2013\projects\university project\ecs165b\ecs165b\hw4-sql.ypp(61): error C3861: 'compile': identifier not found
     1>c:\users\ashgu\documents\visual studio 2013\projects\university project\ecs165b\ecs165b\hw4-sql.ypp(61): error C3861: 'cvt_itoe': identifier not found
     1>c:\users\ashgu\documents\visual studio 2013\projects\university project\ecs165b\ecs165b\hw4-sql.ypp(61): error C3861: 'makeexpr': identifier not found
     1>c:\users\ashgu\documents\visual studio 2013\projects\university project\ecs165b\ecs165b\hw4-sql.ypp(61): error C2065: 'freen' : undeclared identifier
     1>c:\users\ashgu\documents\visual studio 2013\projects\university project\ecs165b\ecs165b\hw4-sql.ypp(64): error C3861: 'printf': identifier not found
     1>c:\users\ashgu\documents\visual studio 2013\projects\university project\ecs165b\ecs165b\hw4-sql.ypp(64): error C2065: 'freen' : undeclared identifier
     1>c:\users\ashgu\documents\visual studio 2013\projects\university project\ecs165b\ecs165b\hw4-sql.ypp(68): error C3861: 'printf': identifier not found
     1>c:\users\ashgu\documents\visual studio 2013\projects\university project\ecs165b\ecs165b\hw4-sql.ypp(68): error C2065: 'freen' : undeclared identifier
     1>c:\users\ashgu\documents\visual studio 2013\projects\university project\ecs165b\ecs165b\hw4-sql.ypp(72): error C3861: 'printf': identifier not found
     1>c:\users\ashgu\documents\visual studio 2013\projects\university project\ecs165b\ecs165b\hw4-sql.ypp(72): error C2065: 'freen' : undeclared identifier
     1>c:\users\ashgu\documents\visual studio 2013\projects\university project\ecs165b\ecs165b\hw4-sql.ypp(75): error C2065: 'freen' : undeclared identifier
     1>c:\users\ashgu\documents\visual studio 2013\projects\university project\ecs165b\ecs165b\hw4-sql.ypp(81): error C2065: 'OP_TABLENAME' : undeclared identifier
     1>c:\users\ashgu\documents\visual studio 2013\projects\university project\ecs165b\ecs165b\hw4-sql.ypp(81): error C3861: 'setname': identifier not found
     1>c:\users\ashgu\documents\visual studio 2013\projects\university project\ecs165b\ecs165b\hw4-sql.ypp(87): error C2065: 'OP_COLNAME' : undeclared identifier
     1>c:\users\ashgu\documents\visual studio 2013\projects\university project\ecs165b\ecs165b\hw4-sql.ypp(87): error C3861: 'setname': identifier not found
     1>c:\users\ashgu\documents\visual studio 2013\projects\university project\ecs165b\ecs165b\hw4-sql.ypp(93): error C3861: 'makeexpr': identifier not found
     1>c:\users\ashgu\documents\visual studio 2013\projects\university project\ecs165b\ecs165b\hw4-sql.ypp(95): error C3861: 'makeexpr': identifier not found
     1>c:\users\ashgu\documents\visual studio 2013\projects\university project\ecs165b\ecs165b\hw4-sql.ypp(97): error C3861: 'makeexpr': identifier not found
     1>c:\users\ashgu\documents\visual studio 2013\projects\university project\ecs165b\ecs165b\hw4-sql.ypp(107): error C2065: 'OP_FCALL' : undeclared identifier
     1>c:\users\ashgu\documents\visual studio 2013\projects\university project\ecs165b\ecs165b\hw4-sql.ypp(107): error C2065: 'OP_FNAME' : undeclared identifier
     1>c:\users\ashgu\documents\visual studio 2013\projects\university project\ecs165b\ecs165b\hw4-sql.ypp(107): error C3861: 'makeexpr': identifier not found
     1>c:\users\ashgu\documents\visual studio 2013\projects\university project\ecs165b\ecs165b\hw4-sql.ypp(107): error C3861: 'setname': identifier not found
     1>c:\users\ashgu\documents\visual studio 2013\projects\university project\ecs165b\ecs165b\hw4-sql.ypp(109): error C2065: 'OP_FCALL' : undeclared identifier
     1>c:\users\ashgu\documents\visual studio 2013\projects\university project\ecs165b\ecs165b\hw4-sql.ypp(109): error C2065: 'OP_FNAME' : undeclared identifier
     1>c:\users\ashgu\documents\visual studio 2013\projects\university project\ecs165b\ecs165b\hw4-sql.ypp(109): error C3861: 'makeexpr': identifier not found
     1>c:\users\ashgu\documents\visual studio 2013\projects\university project\ecs165b\ecs165b\hw4-sql.ypp(109): error C3861: 'setname': identifier not found
     1>c:\users\ashgu\documents\visual studio 2013\projects\university project\ecs165b\ecs165b\hw4-sql.ypp(113): error C2065: 'OP_RLIST' : undeclared identifier
     1>c:\users\ashgu\documents\visual studio 2013\projects\university project\ecs165b\ecs165b\hw4-sql.ypp(113): error C3861: 'makeexpr': identifier not found
     1>c:\users\ashgu\documents\visual studio 2013\projects\university project\ecs165b\ecs165b\hw4-sql.ypp(115): error C2065: 'OP_RLIST' : undeclared identifier
     1>c:\users\ashgu\documents\visual studio 2013\projects\university project\ecs165b\ecs165b\hw4-sql.ypp(115): error C3861: 'makeexpr': identifier not found
     1>c:\users\ashgu\documents\visual studio 2013\projects\university project\ecs165b\ecs165b\hw4-sql.ypp(120): error C2065: 'OP_COLNAME' : undeclared identifier
     1>c:\users\ashgu\documents\visual studio 2013\projects\university project\ecs165b\ecs165b\hw4-sql.ypp(120): error C3861: 'setname': identifier not found
     1>c:\users\ashgu\documents\visual studio 2013\projects\university project\ecs165b\ecs165b\hw4-sql.ypp(124): error C2065: 'OP_STRING' : undeclared identifier
     1>c:\users\ashgu\documents\visual studio 2013\projects\university project\ecs165b\ecs165b\hw4-sql.ypp(124): error C3861: 'makeexpr': identifier not found
     1>c:\users\ashgu\documents\visual studio 2013\projects\university project\ecs165b\ecs165b\hw4-sql.ypp(129): error C2065: 'OP_SELECTION' : undeclared identifier
     1>c:\users\ashgu\documents\visual studio 2013\projects\university project\ecs165b\ecs165b\hw4-sql.ypp(129): error C3861: 'makeexpr': identifier not found
     1>c:\users\ashgu\documents\visual studio 2013\projects\university project\ecs165b\ecs165b\hw4-sql.ypp(130): error C2065: 'OP_GROUP' : undeclared identifier
     1>c:\users\ashgu\documents\visual studio 2013\projects\university project\ecs165b\ecs165b\hw4-sql.ypp(130): error C3861: 'makeexpr': identifier not found
     1>c:\users\ashgu\documents\visual studio 2013\projects\university project\ecs165b\ecs165b\hw4-sql.ypp(131): error C2065: 'OP_PROJECTION' : undeclared identifier
     1>c:\users\ashgu\documents\visual studio 2013\projects\university project\ecs165b\ecs165b\hw4-sql.ypp(131): error C3861: 'makeexpr': identifier not found
     1>c:\users\ashgu\documents\visual studio 2013\projects\university project\ecs165b\ecs165b\hw4-sql.ypp(132): error C2065: 'OP_SELECTION' : undeclared identifier
     1>c:\users\ashgu\documents\visual studio 2013\projects\university project\ecs165b\ecs165b\hw4-sql.ypp(132): error C3861: 'makeexpr': identifier not found
     1>c:\users\ashgu\documents\visual studio 2013\projects\university project\ecs165b\ecs165b\hw4-sql.ypp(133): error C2065: 'OP_SORT' : undeclared identifier
     1>c:\users\ashgu\documents\visual studio 2013\projects\university project\ecs165b\ecs165b\hw4-sql.ypp(133): error C3861: 'makeexpr': identifier not found
     1>c:\users\ashgu\documents\visual studio 2013\projects\university project\ecs165b\ecs165b\hw4-sql.ypp(151): error C2065: 'OP_RLIST' : undeclared identifier
     1>c:\users\ashgu\documents\visual studio 2013\projects\university project\ecs165b\ecs165b\hw4-sql.ypp(151): error C3861: 'makeexpr': identifier not found
     1>c:\users\ashgu\documents\visual studio 2013\projects\university project\ecs165b\ecs165b\hw4-sql.ypp(153): error C2065: 'OP_RLIST' : undeclared identifier
     1>c:\users\ashgu\documents\visual studio 2013\projects\university project\ecs165b\ecs165b\hw4-sql.ypp(153): error C3861: 'makeexpr': identifier not found
     1>c:\users\ashgu\documents\visual studio 2013\projects\university project\ecs165b\ecs165b\hw4-sql.ypp(165): error C2065: 'OP_RLIST' : undeclared identifier
     1>c:\users\ashgu\documents\visual studio 2013\projects\university project\ecs165b\ecs165b\hw4-sql.ypp(165): error C3861: 'makeexpr': identifier not found
     1>c:\users\ashgu\documents\visual studio 2013\projects\university project\ecs165b\ecs165b\hw4-sql.ypp(167): error C2065: 'OP_RLIST' : undeclared identifier
     1>c:\users\ashgu\documents\visual studio 2013\projects\university project\ecs165b\ecs165b\hw4-sql.ypp(167): error C3861: 'makeexpr': identifier not found
     1>c:\users\ashgu\documents\visual studio 2013\projects\university project\ecs165b\ecs165b\hw4-sql.ypp(171): error C2065: 'OP_SORTSPEC' : undeclared identifier
     1>c:\users\ashgu\documents\visual studio 2013\projects\university project\ecs165b\ecs165b\hw4-sql.ypp(171): error C3861: 'makeexpr': identifier not found
     1>c:\users\ashgu\documents\visual studio 2013\projects\university project\ecs165b\ecs165b\hw4-sql.ypp(173): error C2065: 'OP_SORTSPEC' : undeclared identifier
     1>c:\users\ashgu\documents\visual studio 2013\projects\university project\ecs165b\ecs165b\hw4-sql.ypp(173): error C3861: 'makeexpr': identifier not found
     1>c:\users\ashgu\documents\visual studio 2013\projects\university project\ecs165b\ecs165b\hw4-sql.ypp(175): error C2065: 'OP_SORTSPEC' : undeclared identifier
     1>c:\users\ashgu\documents\visual studio 2013\projects\university project\ecs165b\ecs165b\hw4-sql.ypp(175): error C2065: 'OP_NULL' : undeclared identifier
     1>c:\users\ashgu\documents\visual studio 2013\projects\university project\ecs165b\ecs165b\hw4-sql.ypp(175): error C3861: 'makeexpr': identifier not found
     1>c:\users\ashgu\documents\visual studio 2013\projects\university project\ecs165b\ecs165b\hw4-sql.ypp(177): error C2065: 'OP_SORTSPEC' : undeclared identifier
     1>c:\users\ashgu\documents\visual studio 2013\projects\university project\ecs165b\ecs165b\hw4-sql.ypp(177): error C2065: 'OP_COLNAME' : undeclared identifier
     1>c:\users\ashgu\documents\visual studio 2013\projects\university project\ecs165b\ecs165b\hw4-sql.ypp(177): error C3861: 'makeexpr': identifier not found
     1>c:\users\ashgu\documents\visual studio 2013\projects\university project\ecs165b\ecs165b\hw4-sql.ypp(177): error C3861: 'setname': identifier not found
     1>c:\users\ashgu\documents\visual studio 2013\projects\university project\ecs165b\ecs165b\hw4-sql.ypp(179): error C2065: 'OP_SORTSPEC' : undeclared identifier
     1>c:\users\ashgu\documents\visual studio 2013\projects\university project\ecs165b\ecs165b\hw4-sql.ypp(179): error C2065: 'OP_COLNAME' : undeclared identifier
     1>c:\users\ashgu\documents\visual studio 2013\projects\university project\ecs165b\ecs165b\hw4-sql.ypp(179): error C3861: 'makeexpr': identifier not found
     1>c:\users\ashgu\documents\visual studio 2013\projects\university project\ecs165b\ecs165b\hw4-sql.ypp(179): error C3861: 'setname': identifier not found
     1>c:\users\ashgu\documents\visual studio 2013\projects\university project\ecs165b\ecs165b\hw4-sql.ypp(181): error C2065: 'OP_SORTSPEC' : undeclared identifier
     1>c:\users\ashgu\documents\visual studio 2013\projects\university project\ecs165b\ecs165b\hw4-sql.ypp(181): error C2065: 'OP_COLNAME' : undeclared identifier
     1>c:\users\ashgu\documents\visual studio 2013\projects\university project\ecs165b\ecs165b\hw4-sql.ypp(181): error C2065: 'OP_NULL' : undeclared identifier
     1>c:\users\ashgu\documents\visual studio 2013\projects\university project\ecs165b\ecs165b\hw4-sql.ypp(181): error C3861: 'makeexpr': identifier not found
     1>c:\users\ashgu\documents\visual studio 2013\projects\university project\ecs165b\ecs165b\hw4-sql.ypp(181): error C3861: 'setname': identifier not found
     1>c:\users\ashgu\documents\visual studio 2013\projects\university project\ecs165b\ecs165b\hw4-sql.ypp(185): error C2065: 'OP_RLIST' : undeclared identifier
     1>c:\users\ashgu\documents\visual studio 2013\projects\university project\ecs165b\ecs165b\hw4-sql.ypp(185): error C3861: 'makeexpr': identifier not found
     1>c:\users\ashgu\documents\visual studio 2013\projects\university project\ecs165b\ecs165b\hw4-sql.ypp(187): error C2065: 'OP_RLIST' : undeclared identifier
     1>c:\users\ashgu\documents\visual studio 2013\projects\university project\ecs165b\ecs165b\hw4-sql.ypp(187): error C3861: 'makeexpr': identifier not found
     1>c:\users\ashgu\documents\visual studio 2013\projects\university project\ecs165b\ecs165b\hw4-sql.ypp(191): error C2065: 'OP_OUTCOLNAME' : undeclared identifier
     1>c:\users\ashgu\documents\visual studio 2013\projects\university project\ecs165b\ecs165b\hw4-sql.ypp(191): error C3861: 'makeexpr': identifier not found
     1>c:\users\ashgu\documents\visual studio 2013\projects\university project\ecs165b\ecs165b\hw4-sql.ypp(191): fatal error C1003: error count exceeds 100; stopping compilation
         HW4-parser.cpp
     1>c:\users\ashgu\documents\visual studio 2013\projects\university project\ecs165b\ecs165b\myparser.cpp(13): fatal error C1083: Cannot open include file: 'unistd.h': No such file or directory
         Generating Code...
     1>Done Building Project "C:\Users\Ashgu\Documents\Visual Studio 2013\Projects\University Project\ECS165B\ECS165B\ECS165B.vcxproj" (Build target(s)) -- FAILED.

Build FAILED.

Time Elapsed 00:00:01.31
